<?xml version="1.0" encoding="UTF-8"?>
<!-- Generated by org.testng.reporters.JUnitXMLReporter -->
<testsuite hostname="CLONG01923" ignored="0" name="Login" tests="1" failures="1" timestamp="24 Aug 2017 05:05:56 GMT" time="8.801" errors="0">
  <testcase name="loginSuccessFunction" time="1.072" classname="com.demo.test.testcases.login.LoginPage_001_LoginSuccessFunction_Test">
    <failure type="java.lang.AssertionError" message="跳进frame: [ name: body] 失败">
      <![CDATA[java.lang.AssertionError: 跳进frame: [ name: body] 失败
	at com.demo.test.utils.SeleniumUtil.switchFrame(SeleniumUtil.java:471)
	at com.demo.test.pageshelper.FramePageHelper.jumpInToFrame(FramePageHelper.java:14)
	at com.demo.test.pageshelper.LoginPageHelper.waitLoginPageLoad(LoginPageHelper.java:28)
	at com.demo.test.testcases.login.LoginPage_001_LoginSuccessFunction_Test.loginSuccessFunction(LoginPage_001_LoginSuccessFunction_Test.java:15)
... Removed 26 stack frames]]>
    </failure>
  </testcase> <!-- loginSuccessFunction -->
</testsuite> <!-- Login -->
