<?xml version="1.0" encoding="UTF-8"?>
<!-- Generated by org.testng.reporters.JUnitXMLReporter -->
<testsuite hostname="ADOE-20150303CS" ignored="0" name="Login" tests="5" failures="0" timestamp="11 三月 2018 03:31:17 GMT" time="0.594" errors="0">
  <testcase name="@BeforeMethod startTest" time="0.032" classname="com.demo.test.base.BaseParpare">
    <failure type="java.lang.StringIndexOutOfBoundsException" message="String index out of range: -5">
      <![CDATA[java.lang.StringIndexOutOfBoundsException: String index out of range: -5
	at java.lang.String.substring(String.java:1967)
	at com.demo.test.utils.LogConfiguration.getFunctionName(LogConfiguration.java:39)
	at com.demo.test.utils.LogConfiguration.initLog(LogConfiguration.java:12)
	at com.demo.test.base.BaseParpare.startTest(BaseParpare.java:36)
... Removed 27 stack frames]]>
    </failure>
  </testcase> <!-- @BeforeMethod startTest -->
  <testcase name="@BeforeMethod startTest" time="0.0" classname="com.demo.test.base.BaseParpare">
    <skipped/>
  </testcase> <!-- @BeforeMethod startTest -->
  <testcase name="@BeforeMethod startTest" time="0.0" classname="com.demo.test.base.BaseParpare">
    <skipped/>
  </testcase> <!-- @BeforeMethod startTest -->
  <testcase name="@BeforeMethod startTest" time="0.0" classname="com.demo.test.base.BaseParpare">
    <skipped/>
  </testcase> <!-- @BeforeMethod startTest -->
  <testcase name="@BeforeMethod startTest" time="0.0" classname="com.demo.test.base.BaseParpare">
    <skipped/>
  </testcase> <!-- @BeforeMethod startTest -->
  <testcase name="FindFlight" time="0.0" classname="com.demo.test.testcases.login.FlightTest">
    <skipped/>
  </testcase> <!-- FindFlight -->
  <testcase name="loginSuccessFunction" time="0.0" classname="com.demo.test.testcases.login.LoginPage_001_LoginSuccessFunction_Test">
    <skipped/>
  </testcase> <!-- loginSuccessFunction -->
  <testcase name="register" time="0.0" classname="com.demo.test.testcases.login.LoginPage_001_LoginSuccessFunction_Test">
    <skipped/>
  </testcase> <!-- register -->
  <testcase name="register" time="0.0" classname="com.demo.test.testcases.login.LoginPage_001_LoginSuccessFunction_Test">
    <skipped/>
  </testcase> <!-- register -->
  <testcase name="register" time="0.0" classname="com.demo.test.testcases.login.LoginPage_001_LoginSuccessFunction_Test">
    <skipped/>
  </testcase> <!-- register -->
</testsuite> <!-- Login -->
